::1 - - [07/Jun/2017:05:34:30 +0000] "GET /api/music/ HTTP/1.1" 200 265
::1 - - [07/Jun/2017:05:34:30 +0000] "GET /music/Kate%20Rusby%20-%20Bitter%20Boy.mp3 HTTP/1.1" 500 1256
::1 - - [07/Jun/2017:05:37:08 +0000] "GET /api/music/ HTTP/1.1" 200 265
::1 - - [07/Jun/2017:05:37:16 +0000] "GET /music/Kate%20Rusby%20-%20Bitter%20Boy.mp3 HTTP/1.1" 404 180
::1 - - [07/Jun/2017:05:37:31 +0000] "GET /music/18878614649031775.jpg HTTP/1.1" 404 166
::1 - - [07/Jun/2017:06:19:39 +0000] "GET /api/music/ HTTP/1.1" 200 265
::1 - - [07/Jun/2017:06:19:55 +0000] "GET /api/music/ HTTP/1.1" 200 265
::1 - - [07/Jun/2017:06:20:08 +0000] "GET /api/music/ HTTP/1.1" 200 265
::1 - - [07/Jun/2017:06:20:29 +0000] "GET /api/music/getMusic HTTP/1.1" 500 1256
::1 - - [07/Jun/2017:06:22:26 +0000] "GET /api/music/getMusic HTTP/1.1" 200 273
::1 - - [07/Jun/2017:06:26:48 +0000] "GET /music/Kate%20Rusby%20-%20Bitter%20Boy.mp3 HTTP/1.1" 404 180
::1 - - [07/Jun/2017:06:26:57 +0000] "GET /music/18878614649031775.jpg HTTP/1.1" 404 166
::1 - - [07/Jun/2017:06:28:10 +0000] "GET /api/music/getMusic HTTP/1.1" 304 -
::1 - - [07/Jun/2017:06:33:08 +0000] "GET /music/Kate%20Rusby%20-%20Bitter%20Boy.mp3 HTTP/1.1" 404 180
::1 - - [07/Jun/2017:06:33:17 +0000] "GET /api/article/lists?pageIndex=1&pageSize=20 HTTP/1.1" 200 1056
::1 - - [07/Jun/2017:06:33:17 +0000] "GET /api/article/ranking?type=like HTTP/1.1" 200 484
::1 - - [07/Jun/2017:06:34:18 +0000] "POST /api/article/articleDetail HTTP/1.1" 200 125
::1 - - [07/Jun/2017:06:34:18 +0000] "GET /api/article/comment-lists?articleId=59194e5f74c59cde06c280fe HTTP/1.1" 200 159
::1 - - [07/Jun/2017:06:34:25 +0000] "POST /api/article/addPageView HTTP/1.1" 503 661
::1 - - [07/Jun/2017:06:34:28 +0000] "POST /api/article/addPageView HTTP/1.1" 503 661
::1 - - [07/Jun/2017:06:35:25 +0000] "GET /api/article/lists?pageIndex=1&pageSize=20 HTTP/1.1" 200 1056
::1 - - [07/Jun/2017:06:35:25 +0000] "GET /api/article/ranking?type=like HTTP/1.1" 200 484
::1 - - [07/Jun/2017:06:36:27 +0000] "GET /api/article/lists?pageIndex=1&pageSize=20 HTTP/1.1" 200 1056
::1 - - [07/Jun/2017:06:36:27 +0000] "GET /api/article/ranking?type=like HTTP/1.1" 200 484
::1 - - [07/Jun/2017:06:40:29 +0000] "GET /api/article/lists?pageIndex=1&pageSize=20 HTTP/1.1" 200 1056
::1 - - [07/Jun/2017:06:40:29 +0000] "GET /api/article/ranking?type=like HTTP/1.1" 200 484
::1 - - [07/Jun/2017:06:42:20 +0000] "GET /api/article/lists?pageIndex=1&pageSize=20 HTTP/1.1" 200 1056
::1 - - [07/Jun/2017:06:42:20 +0000] "GET /api/article/ranking?type=like HTTP/1.1" 200 484
::1 - - [07/Jun/2017:06:44:47 +0000] "GET /api/article/lists?pageIndex=1&pageSize=20 HTTP/1.1" 200 1056
::1 - - [07/Jun/2017:06:44:47 +0000] "GET /api/article/ranking?type=like HTTP/1.1" 200 484
::1 - - [07/Jun/2017:06:44:57 +0000] "GET /api/article/ranking?type=pageView HTTP/1.1" 200 488
::1 - - [07/Jun/2017:06:44:58 +0000] "GET /api/article/ranking?type=like HTTP/1.1" 200 484
::1 - - [07/Jun/2017:06:44:59 +0000] "GET /api/music/getMusic HTTP/1.1" 200 273
::1 - - [07/Jun/2017:06:44:59 +0000] "GET /music/Kate%20Rusby%20-%20Bitter%20Boy.mp3 HTTP/1.1" 500 1256
::1 - - [07/Jun/2017:06:48:05 +0000] "GET /api/article/lists HTTP/1.1" 200 1032
::1 - - [07/Jun/2017:06:50:23 +0000] "GET /api/music/getMusic HTTP/1.1" 200 273
::1 - - [07/Jun/2017:06:57:27 +0000] "GET /api/music/getMusic HTTP/1.1" 200 273
::1 - - [07/Jun/2017:06:58:55 +0000] "GET /music/Kate%20Rusby%20-%20Bitter%20Boy.mp3 HTTP/1.1" 404 136
::1 - - [07/Jun/2017:06:59:00 +0000] "GET /api/music/getMusic HTTP/1.1" 200 273
::1 - - [07/Jun/2017:06:59:10 +0000] "GET /music/Kate%20Rusby%20-%20Bitter%20Boy.mp3 HTTP/1.1" 404 136
::1 - - [07/Jun/2017:07:00:27 +0000] "GET /api/article/lists?pageIndex=1&pageSize=20 HTTP/1.1" 200 1056
::1 - - [07/Jun/2017:07:00:27 +0000] "GET /api/article/ranking?type=like HTTP/1.1" 200 484
::1 - - [07/Jun/2017:07:00:38 +0000] "POST /api/article/add-article HTTP/1.1" 200 134
::1 - - [07/Jun/2017:07:02:43 +0000] "GET /api/article/lists?pageIndex=1&pageSize=20 HTTP/1.1" 200 1056
::1 - - [07/Jun/2017:07:02:43 +0000] "GET /api/article/ranking?type=like HTTP/1.1" 200 484
::1 - - [07/Jun/2017:07:03:25 +0000] "POST /api/article/add-article HTTP/1.1" 200 134
::1 - - [07/Jun/2017:07:17:03 +0000] "GET /api/article/lists?pageIndex=1&pageSize=20 HTTP/1.1" 200 1056
::1 - - [07/Jun/2017:07:17:03 +0000] "GET /api/article/ranking?type=like HTTP/1.1" 200 484
::1 - - [07/Jun/2017:07:25:51 +0000] "POST /api/article/add-article HTTP/1.1" 200 134
::1 - - [07/Jun/2017:07:25:54 +0000] "GET /api/music/getMusic HTTP/1.1" 200 273
::1 - - [07/Jun/2017:07:25:54 +0000] "GET /music/Kate%20Rusby%20-%20Bitter%20Boy.mp3 HTTP/1.1" 404 136
::1 - - [07/Jun/2017:07:25:56 +0000] "GET /api/music/getMusic HTTP/1.1" 200 273
::1 - - [07/Jun/2017:07:25:56 +0000] "GET /music/Kate%20Rusby%20-%20Bitter%20Boy.mp3 HTTP/1.1" 404 136
::1 - - [07/Jun/2017:07:25:59 +0000] "GET /api/article/lists?pageIndex=1&pageSize=20 HTTP/1.1" 200 1056
::1 - - [07/Jun/2017:07:25:59 +0000] "GET /api/article/ranking?type=like HTTP/1.1" 200 484
::1 - - [07/Jun/2017:07:26:00 +0000] "POST /api/article/articleDetail HTTP/1.1" 200 125
::1 - - [07/Jun/2017:07:26:00 +0000] "GET /api/article/comment-lists?articleId=59194cdd74c59cde06c280fd HTTP/1.1" 200 159
::1 - - [07/Jun/2017:07:26:10 +0000] "POST /api/article/addPageView HTTP/1.1" 503 661
::1 - - [07/Jun/2017:07:31:09 +0000] "GET /api/article/lists?pageIndex=1&pageSize=20 HTTP/1.1" 200 1056
::1 - - [07/Jun/2017:07:31:09 +0000] "GET /api/article/ranking?type=like HTTP/1.1" 200 484
::1 - - [07/Jun/2017:07:31:11 +0000] "POST /api/article/articleDetail HTTP/1.1" 200 125
::1 - - [07/Jun/2017:07:31:11 +0000] "GET /api/article/comment-lists?articleId=59194cdd74c59cde06c280fd HTTP/1.1" 200 159
::1 - - [07/Jun/2017:07:31:21 +0000] "POST /api/article/addPageView HTTP/1.1" 503 661
::1 - - [07/Jun/2017:07:33:23 +0000] "POST /api/article/articleDetail HTTP/1.1" 200 125
::1 - - [07/Jun/2017:07:33:23 +0000] "GET /api/article/comment-lists?articleId=59194cdd74c59cde06c280fd HTTP/1.1" 200 159
::1 - - [07/Jun/2017:07:33:50 +0000] "GET /api/article/lists?pageIndex=1&pageSize=20 HTTP/1.1" 200 4210
::1 - - [07/Jun/2017:07:33:51 +0000] "GET /api/article/ranking?type=like HTTP/1.1" 200 652
::1 - - [07/Jun/2017:07:33:54 +0000] "POST /api/article/articleDetail HTTP/1.1" 200 125
::1 - - [07/Jun/2017:07:33:54 +0000] "GET /api/article/comment-lists?articleId=592e7c7c78584028644655dd HTTP/1.1" 200 586
::1 - - [07/Jun/2017:07:34:03 +0000] "POST /api/article/addPageView HTTP/1.1" 503 661
::1 - - [07/Jun/2017:07:38:38 +0000] "POST /api/articleDetail HTTP/1.1" 404 113
::1 - - [07/Jun/2017:07:39:32 +0000] "POST /api/articleDetail HTTP/1.1" 404 113
::1 - - [07/Jun/2017:07:39:42 +0000] "POST /api/articleDetail HTTP/1.1" 404 113
::1 - - [07/Jun/2017:07:40:05 +0000] "POST /api/article/articleDetail HTTP/1.1" 200 125
::1 - - [07/Jun/2017:07:40:05 +0000] "GET /api/article/comment-lists?articleId=592e7c7c78584028644655dd HTTP/1.1" 200 586
::1 - - [07/Jun/2017:07:41:43 +0000] "POST /api/article/articleDetail HTTP/1.1" 200 1768
::1 - - [07/Jun/2017:07:41:43 +0000] "GET /api/article/comment-lists?articleId=592e7c7c78584028644655dd HTTP/1.1" 200 586
::1 - - [07/Jun/2017:07:41:51 +0000] "GET /api/article/lists?pageIndex=1&pageSize=20 HTTP/1.1" 200 4210
::1 - - [07/Jun/2017:07:41:51 +0000] "GET /api/article/ranking?type=like HTTP/1.1" 200 652
::1 - - [07/Jun/2017:07:41:52 +0000] "POST /api/article/articleDetail HTTP/1.1" 200 1768
::1 - - [07/Jun/2017:07:41:52 +0000] "POST /api/article/addPageView HTTP/1.1" 200 134
::1 - - [07/Jun/2017:07:41:52 +0000] "GET /api/article/comment-lists?articleId=592e7c7c78584028644655dd HTTP/1.1" 200 586
::1 - - [07/Jun/2017:07:46:01 +0000] "GET /api/article/lists?pageIndex=1&pageSize=20 HTTP/1.1" 200 4210
::1 - - [07/Jun/2017:07:46:01 +0000] "GET /api/article/ranking?type=like HTTP/1.1" 200 652
::1 - - [07/Jun/2017:07:46:52 +0000] "POST /api/article/addPageView HTTP/1.1" 200 134
::1 - - [07/Jun/2017:07:49:45 +0000] "POST /api/articleDetail?articleId=592e7c7c78584028644655dd HTTP/1.1" 404 148
::1 - - [07/Jun/2017:07:56:58 +0000] "GET /api/article/lists?pageIndex=1&pageSize=20 HTTP/1.1" 200 4210
::1 - - [07/Jun/2017:07:56:58 +0000] "GET /api/article/ranking?type=like HTTP/1.1" 200 652
::1 - - [07/Jun/2017:07:57:26 +0000] "POST /api/article/addPageView HTTP/1.1" 200 134
::1 - - [07/Jun/2017:07:59:09 +0000] "GET /api/article/lists?pageIndex=1&pageSize=20 HTTP/1.1" 200 4210
::1 - - [07/Jun/2017:07:59:09 +0000] "GET /api/article/ranking?type=like HTTP/1.1" 200 652
::1 - - [07/Jun/2017:07:59:16 +0000] "POST /api/article/addPageView HTTP/1.1" 200 134
::1 - - [07/Jun/2017:08:02:09 +0000] "GET /api/article/lists?pageIndex=1&pageSize=20 HTTP/1.1" 200 4210
::1 - - [07/Jun/2017:08:02:09 +0000] "GET /api/article/ranking?type=like HTTP/1.1" 200 652
::1 - - [07/Jun/2017:08:02:16 +0000] "POST /api/article/addPageView HTTP/1.1" 200 134
::1 - - [07/Jun/2017:08:12:35 +0000] "GET /api/article/lists?pageIndex=1&pageSize=20 HTTP/1.1" 200 4210
::1 - - [07/Jun/2017:08:12:35 +0000] "GET /api/article/ranking?type=like HTTP/1.1" 200 652
::1 - - [07/Jun/2017:08:12:52 +0000] "POST /api/article/addPageView HTTP/1.1" 200 134
::1 - - [07/Jun/2017:08:15:50 +0000] "POST /api/article/articleDetail HTTP/1.1" 200 1768
::1 - - [07/Jun/2017:08:15:50 +0000] "GET /api/article/comment-lists?articleId=592e7c7c78584028644655dd HTTP/1.1" 200 586
::1 - - [07/Jun/2017:08:15:58 +0000] "GET /api/article/lists?pageIndex=1&pageSize=20 HTTP/1.1" 200 4210
::1 - - [07/Jun/2017:08:15:58 +0000] "GET /api/article/ranking?type=like HTTP/1.1" 200 652
::1 - - [07/Jun/2017:08:15:59 +0000] "POST /api/article/articleDetail HTTP/1.1" 200 1768
::1 - - [07/Jun/2017:08:15:59 +0000] "POST /api/article/addPageView HTTP/1.1" 200 134
::1 - - [07/Jun/2017:08:15:59 +0000] "GET /api/article/comment-lists?articleId=592e7c7c78584028644655dd HTTP/1.1" 200 586
::1 - - [07/Jun/2017:08:16:50 +0000] "GET /api/article/lists?pageIndex=1&pageSize=20 HTTP/1.1" 200 4211
::1 - - [07/Jun/2017:08:16:50 +0000] "GET /api/article/ranking?type=like HTTP/1.1" 200 652
::1 - - [07/Jun/2017:08:16:51 +0000] "POST /api/article/articleDetail HTTP/1.1" 200 1769
::1 - - [07/Jun/2017:08:16:51 +0000] "POST /api/article/addPageView HTTP/1.1" 200 134
::1 - - [07/Jun/2017:08:16:51 +0000] "GET /api/article/comment-lists?articleId=592e7c7c78584028644655dd HTTP/1.1" 200 586
::1 - - [07/Jun/2017:08:18:26 +0000] "GET /api/article/lists?pageIndex=1&pageSize=20 HTTP/1.1" 200 4211
::1 - - [07/Jun/2017:08:18:26 +0000] "GET /api/article/ranking?type=like HTTP/1.1" 200 652
::1 - - [07/Jun/2017:08:18:50 +0000] "POST /api/article/addPageView HTTP/1.1" 200 134
::1 - - [07/Jun/2017:08:19:30 +0000] "GET /api/article/lists?pageIndex=1&pageSize=20 HTTP/1.1" 200 4211
::1 - - [07/Jun/2017:08:19:30 +0000] "GET /api/article/ranking?type=like HTTP/1.1" 200 652
::1 - - [07/Jun/2017:08:28:31 +0000] "POST /api/article/addPageView HTTP/1.1" 200 134
::1 - - [07/Jun/2017:08:30:49 +0000] "GET /api/article/lists?pageIndex=1&pageSize=20 HTTP/1.1" 200 4211
::1 - - [07/Jun/2017:08:30:49 +0000] "GET /api/article/ranking?type=like HTTP/1.1" 200 652
::1 - - [07/Jun/2017:08:31:05 +0000] "POST /api/article/addPageView HTTP/1.1" 200 134
::1 - - [07/Jun/2017:08:31:50 +0000] "POST /api/article/articleDetail HTTP/1.1" 200 1769
::1 - - [07/Jun/2017:08:31:50 +0000] "GET /api/article/comment-lists?articleId=592e7c7c78584028644655dd HTTP/1.1" 200 586
::1 - - [07/Jun/2017:08:31:54 +0000] "POST /api/article/articleDetail HTTP/1.1" 200 1769
::1 - - [07/Jun/2017:08:31:54 +0000] "GET /api/article/comment-lists?articleId=592e7c7c78584028644655dd HTTP/1.1" 200 586
::1 - - [07/Jun/2017:08:32:04 +0000] "GET /api/article/lists?pageIndex=1&pageSize=20 HTTP/1.1" 200 4211
::1 - - [07/Jun/2017:08:32:04 +0000] "GET /api/article/ranking?type=like HTTP/1.1" 200 652
::1 - - [07/Jun/2017:08:32:05 +0000] "POST /api/article/articleDetail HTTP/1.1" 200 1769
::1 - - [07/Jun/2017:08:32:05 +0000] "POST /api/article/addPageView HTTP/1.1" 200 134
::1 - - [07/Jun/2017:08:32:05 +0000] "GET /api/article/comment-lists?articleId=592e7c7c78584028644655dd HTTP/1.1" 200 586
::1 - - [07/Jun/2017:08:32:23 +0000] "GET /api/article/lists?pageIndex=1&pageSize=20 HTTP/1.1" 200 4211
::1 - - [07/Jun/2017:08:32:23 +0000] "GET /api/article/ranking?type=like HTTP/1.1" 200 652
::1 - - [07/Jun/2017:08:32:25 +0000] "GET /api/article/lists?pageIndex=1&pageSize=20 HTTP/1.1" 200 4211
::1 - - [07/Jun/2017:08:32:25 +0000] "GET /api/article/ranking?type=like HTTP/1.1" 200 652
::1 - - [07/Jun/2017:08:38:42 +0000] "GET /api/article/ranking?type=pageView HTTP/1.1" 200 656
::1 - - [07/Jun/2017:08:38:43 +0000] "GET /api/article/ranking?type=like HTTP/1.1" 200 652
::1 - - [07/Jun/2017:08:38:44 +0000] "GET /api/article/ranking?type=pageView HTTP/1.1" 200 656
::1 - - [07/Jun/2017:08:38:45 +0000] "GET /api/article/ranking?type=like HTTP/1.1" 200 652
::1 - - [07/Jun/2017:08:38:46 +0000] "GET /api/article/ranking?type=pageView HTTP/1.1" 200 656
::1 - - [07/Jun/2017:08:38:51 +0000] "GET /api/article/ranking?type=like HTTP/1.1" 200 652
::1 - - [07/Jun/2017:08:38:52 +0000] "GET /api/article/ranking?type=pageView HTTP/1.1" 200 656
::1 - - [07/Jun/2017:08:39:04 +0000] "GET /api/article/ranking?type=like HTTP/1.1" 200 652
::1 - - [07/Jun/2017:08:39:16 +0000] "POST /api/article/addPageView HTTP/1.1" 200 134
::1 - - [07/Jun/2017:08:39:16 +0000] "POST /api/article/articleDetail HTTP/1.1" 200 1769
::1 - - [07/Jun/2017:08:39:16 +0000] "GET /api/article/comment-lists?articleId=592e7c7c78584028644655dd HTTP/1.1" 200 586
::1 - - [07/Jun/2017:08:39:29 +0000] "POST /api/article/toggle-commentLike HTTP/1.1" 503 130
::1 - - [07/Jun/2017:08:39:34 +0000] "POST /api/article/toggle-commentLike HTTP/1.1" 503 130
::1 - - [07/Jun/2017:08:42:02 +0000] "POST /api/article/toggle-commentLike HTTP/1.1" 503 130
::1 - - [07/Jun/2017:08:42:05 +0000] "POST /api/article/toggle-commentLike HTTP/1.1" 503 130
::1 - - [07/Jun/2017:08:45:01 +0000] "POST /api/article/toggleLike HTTP/1.1" 200 133
::1 - - [07/Jun/2017:08:45:06 +0000] "POST /api/article/toggleLike HTTP/1.1" 200 133
::1 - - [07/Jun/2017:08:45:07 +0000] "POST /api/article/toggleLike HTTP/1.1" 200 133
::1 - - [07/Jun/2017:08:50:51 +0000] "POST /api/article/articleDetail HTTP/1.1" 200 1769
::1 - - [07/Jun/2017:08:50:52 +0000] "GET /api/article/comment-lists?articleId=592e7c7c78584028644655dd HTTP/1.1" 200 586
::1 - - [07/Jun/2017:08:51:23 +0000] "POST /api/article/toggle-commentLike HTTP/1.1" 503 130
::1 - - [07/Jun/2017:08:56:05 +0000] "POST /api/article/publish-comment HTTP/1.1" 200 138
::1 - - [07/Jun/2017:08:56:23 +0000] "POST /api/article/articleDetail HTTP/1.1" 200 1769
::1 - - [07/Jun/2017:08:56:23 +0000] "GET /api/article/comment-lists?articleId=592e7c7c78584028644655dd HTTP/1.1" 200 787
::ffff:192.168.1.110 - - [07/Jun/2017:09:05:43 +0000] "GET / HTTP/1.1" 404 95
::ffff:192.168.1.110 - - [07/Jun/2017:09:05:43 +0000] "GET /favicon.ico HTTP/1.1" 404 106
::ffff:192.168.1.110 - - [07/Jun/2017:09:06:35 +0000] "GET /static/js/app.699437ce.js?e4129d58c8b45eecbd49 HTTP/1.1" 404 141
::ffff:192.168.1.110 - - [07/Jun/2017:09:06:35 +0000] "GET /static/css/app.dc3e504d.css?e4129d58c8b45eecbd49 HTTP/1.1" 404 143
::ffff:192.168.1.110 - - [07/Jun/2017:09:06:35 +0000] "GET /static/js/common.82fdbce9.js?e4129d58c8b45eecbd49 HTTP/1.1" 404 144
::ffff:192.168.1.110 - - [07/Jun/2017:09:06:35 +0000] "GET /lijinkeWeb.appcache HTTP/1.1" 404 114
::ffff:192.168.1.110 - - [07/Jun/2017:09:06:35 +0000] "GET /static/js/app.699437ce.js?e4129d58c8b45eecbd49 HTTP/1.1" 404 141
::ffff:192.168.1.110 - - [07/Jun/2017:09:07:03 +0000] "GET /lijinkeWeb.appcache HTTP/1.1" 404 114
::ffff:192.168.1.110 - - [07/Jun/2017:09:07:03 +0000] "GET /static/css/app.dc3e504d.css?e5931023407ef4fe7d49 HTTP/1.1" 404 143
::ffff:192.168.1.110 - - [07/Jun/2017:09:07:03 +0000] "GET /static/js/common.82fdbce9.js?e5931023407ef4fe7d49 HTTP/1.1" 404 144
::ffff:192.168.1.110 - - [07/Jun/2017:09:07:03 +0000] "GET /static/js/app.699437ce.js?e5931023407ef4fe7d49 HTTP/1.1" 404 141
::ffff:192.168.1.110 - - [07/Jun/2017:09:07:07 +0000] "GET /static/css/app.dc3e504d.css?e5931023407ef4fe7d49 HTTP/1.1" 404 143
::ffff:192.168.1.110 - - [07/Jun/2017:09:09:07 +0000] "GET / HTTP/1.1" 404 95
::ffff:192.168.1.110 - - [07/Jun/2017:09:09:07 +0000] "GET /favicon.ico HTTP/1.1" 404 106
::ffff:192.168.1.110 - - [07/Jun/2017:09:20:58 +0000] "GET / HTTP/1.1" 404 139
::ffff:192.168.1.110 - - [07/Jun/2017:09:21:11 +0000] "GET / HTTP/1.1" 404 139
::ffff:192.168.1.110 - - [07/Jun/2017:09:28:35 +0000] "GET / HTTP/1.1" 404 139
::1 - - [07/Jun/2017:09:28:46 +0000] "GET / HTTP/1.1" 404 139
::1 - - [07/Jun/2017:09:28:47 +0000] "GET /favicon.ico HTTP/1.1" 404 150
::ffff:192.168.1.110 - - [07/Jun/2017:09:32:35 +0000] "GET / HTTP/1.1" 200 89
::ffff:192.168.1.110 - - [07/Jun/2017:09:32:35 +0000] "GET /favicon.ico HTTP/1.1" 200 100
::ffff:192.168.1.110 - - [07/Jun/2017:09:35:51 +0000] "GET /api/music/getMusic HTTP/1.1" 200 275
::ffff:192.168.1.110 - - [07/Jun/2017:09:36:00 +0000] "GET /api/music/getMusic HTTP/1.1" 200 275
::1 - - [07/Jun/2017:09:39:12 +0000] "GET /api/music/getMusic HTTP/1.1" 200 275
::1 - - [07/Jun/2017:09:42:27 +0000] "GET /api/music/getMusic HTTP/1.1" 200 275
::1 - - [07/Jun/2017:09:42:45 +0000] "GET /api/music/getMusic HTTP/1.1" 200 275
::1 - - [07/Jun/2017:09:55:29 +0000] "GET /api/music/getMusic HTTP/1.1" 200 275
::1 - - [07/Jun/2017:10:01:27 +0000] "GET /api/music/getMusic HTTP/1.1" 200 275
::1 - - [07/Jun/2017:10:01:30 +0000] "GET /api/article/lists?pageIndex=1&pageSize=20 HTTP/1.1" 200 4211
::1 - - [07/Jun/2017:10:01:30 +0000] "GET /api/article/ranking?type=like HTTP/1.1" 200 652
::1 - - [07/Jun/2017:10:01:33 +0000] "POST /api/article/addPageView HTTP/1.1" 200 134
::1 - - [07/Jun/2017:10:01:33 +0000] "POST /api/article/articleDetail HTTP/1.1" 200 377
::1 - - [07/Jun/2017:10:01:33 +0000] "GET /api/article/comment-lists?articleId=59311fac7d89bd1b1435c03c HTTP/1.1" 200 159
::1 - - [07/Jun/2017:10:01:35 +0000] "POST /api/article/toggleLike HTTP/1.1" 200 133
::1 - - [07/Jun/2017:10:03:54 +0000] "POST /api/article/articleDetail HTTP/1.1" 200 377
::1 - - [07/Jun/2017:10:03:54 +0000] "GET /api/article/comment-lists?articleId=59311fac7d89bd1b1435c03c HTTP/1.1" 200 159
::1 - - [07/Jun/2017:10:04:17 +0000] "POST /api/article/publish-comment HTTP/1.1" 200 138
::1 - - [07/Jun/2017:10:04:17 +0000] "GET /api/article/comment-lists?articleId=59311fac7d89bd1b1435c03c HTTP/1.1" 200 379
::1 - - [07/Jun/2017:10:04:43 +0000] "POST /api/article/articleDetail HTTP/1.1" 200 377
::1 - - [07/Jun/2017:10:04:43 +0000] "GET /api/article/comment-lists?articleId=59311fac7d89bd1b1435c03c HTTP/1.1" 200 379
::1 - - [07/Jun/2017:10:07:56 +0000] "POST /api/article/articleDetail HTTP/1.1" 200 377
::1 - - [07/Jun/2017:10:07:56 +0000] "GET /api/article/comment-lists?articleId=59311fac7d89bd1b1435c03c HTTP/1.1" 200 379
::1 - - [07/Jun/2017:10:10:29 +0000] "POST /api/article/articleDetail HTTP/1.1" 200 377
::1 - - [07/Jun/2017:10:10:29 +0000] "GET /api/article/comment-lists?articleId=59311fac7d89bd1b1435c03c HTTP/1.1" 200 379
::1 - - [07/Jun/2017:10:12:12 +0000] "POST /api/article/articleDetail HTTP/1.1" 200 377
::1 - - [07/Jun/2017:10:12:12 +0000] "GET /api/article/comment-lists?articleId=59311fac7d89bd1b1435c03c HTTP/1.1" 200 379
::1 - - [07/Jun/2017:10:14:52 +0000] "POST /api/article/articleDetail HTTP/1.1" 200 377
::1 - - [07/Jun/2017:10:14:52 +0000] "GET /api/article/comment-lists?articleId=59311fac7d89bd1b1435c03c HTTP/1.1" 200 379
::1 - - [07/Jun/2017:10:18:39 +0000] "GET /api/article/lists?pageIndex=1&pageSize=20 HTTP/1.1" 200 4211
::1 - - [07/Jun/2017:10:18:39 +0000] "GET /api/article/ranking?type=like HTTP/1.1" 200 652
::1 - - [07/Jun/2017:10:18:41 +0000] "POST /api/article/addPageView HTTP/1.1" 200 134
::1 - - [07/Jun/2017:10:18:41 +0000] "POST /api/article/articleDetail HTTP/1.1" 200 1769
::1 - - [07/Jun/2017:10:18:41 +0000] "GET /api/article/comment-lists?articleId=592e7c7c78584028644655dd HTTP/1.1" 200 787
::1 - - [07/Jun/2017:10:19:47 +0000] "POST /api/article/articleDetail HTTP/1.1" 200 1769
::1 - - [07/Jun/2017:10:19:47 +0000] "GET /api/article/comment-lists?articleId=592e7c7c78584028644655dd HTTP/1.1" 200 787
::1 - - [07/Jun/2017:10:25:04 +0000] "POST /api/article/articleDetail HTTP/1.1" 200 1769
::1 - - [07/Jun/2017:10:25:04 +0000] "GET /api/article/comment-lists?articleId=592e7c7c78584028644655dd HTTP/1.1" 200 787
::1 - - [07/Jun/2017:10:25:13 +0000] "GET /api/article/lists?pageIndex=1&pageSize=20 HTTP/1.1" 200 4211
::1 - - [07/Jun/2017:10:25:13 +0000] "GET /api/article/ranking?type=like HTTP/1.1" 200 652
::1 - - [07/Jun/2017:10:25:15 +0000] "POST /api/article/addPageView HTTP/1.1" 200 134
::1 - - [07/Jun/2017:10:25:15 +0000] "POST /api/article/articleDetail HTTP/1.1" 200 1769
::1 - - [07/Jun/2017:10:25:15 +0000] "GET /api/article/comment-lists?articleId=592e7c7c78584028644655dd HTTP/1.1" 200 787
::1 - - [07/Jun/2017:10:26:37 +0000] "POST /api/article/articleDetail HTTP/1.1" 200 1769
::1 - - [07/Jun/2017:10:26:37 +0000] "GET /api/article/comment-lists?articleId=592e7c7c78584028644655dd HTTP/1.1" 200 787
::1 - - [07/Jun/2017:10:26:56 +0000] "POST /api/article/articleDetail HTTP/1.1" 200 1769
::1 - - [07/Jun/2017:10:26:56 +0000] "GET /api/article/comment-lists?articleId=592e7c7c78584028644655dd HTTP/1.1" 200 787
::1 - - [07/Jun/2017:10:27:33 +0000] "GET /api/article/lists?pageIndex=1&pageSize=20 HTTP/1.1" 200 4211
::1 - - [07/Jun/2017:10:27:33 +0000] "GET /api/article/ranking?type=like HTTP/1.1" 200 652
::1 - - [07/Jun/2017:10:27:34 +0000] "POST /api/article/addPageView HTTP/1.1" 200 134
::1 - - [07/Jun/2017:10:27:34 +0000] "POST /api/article/articleDetail HTTP/1.1" 200 1769
::1 - - [07/Jun/2017:10:27:34 +0000] "GET /api/article/comment-lists?articleId=592e7c7c78584028644655dd HTTP/1.1" 200 787
::1 - - [07/Jun/2017:10:29:24 +0000] "GET /api/article/lists?pageIndex=1&pageSize=20 HTTP/1.1" 200 4211
::1 - - [07/Jun/2017:10:29:24 +0000] "GET /api/article/ranking?type=like HTTP/1.1" 200 652
::1 - - [07/Jun/2017:10:29:26 +0000] "GET /api/article/lists?pageIndex=1&pageSize=20 HTTP/1.1" 200 4211
::1 - - [07/Jun/2017:10:29:26 +0000] "GET /api/article/ranking?type=like HTTP/1.1" 200 652
::1 - - [07/Jun/2017:10:29:34 +0000] "POST /api/article/addPageView HTTP/1.1" 200 134
::1 - - [07/Jun/2017:10:29:34 +0000] "POST /api/article/articleDetail HTTP/1.1" 200 1769
::1 - - [07/Jun/2017:10:29:34 +0000] "GET /api/article/comment-lists?articleId=592e7c7c78584028644655dd HTTP/1.1" 200 787
::1 - - [07/Jun/2017:10:30:41 +0000] "POST /api/article/toggleLike HTTP/1.1" 200 133
::1 - - [07/Jun/2017:10:30:42 +0000] "POST /api/article/toggleLike HTTP/1.1" 200 133
::1 - - [07/Jun/2017:10:30:49 +0000] "GET /api/article/lists?pageIndex=1&pageSize=20 HTTP/1.1" 200 4211
::1 - - [07/Jun/2017:10:30:49 +0000] "GET /api/article/ranking?type=like HTTP/1.1" 200 652
::1 - - [07/Jun/2017:10:30:51 +0000] "POST /api/article/addPageView HTTP/1.1" 200 134
::1 - - [07/Jun/2017:10:30:51 +0000] "POST /api/article/articleDetail HTTP/1.1" 200 340
::1 - - [07/Jun/2017:10:30:51 +0000] "GET /api/article/comment-lists?articleId=592e7cdd78584028644655df HTTP/1.1" 200 159
::1 - - [07/Jun/2017:10:30:53 +0000] "POST /api/article/toggle-commentLike HTTP/1.1" 503 130
::1 - - [07/Jun/2017:10:30:54 +0000] "POST /api/article/toggle-commentLike HTTP/1.1" 503 130
::1 - - [07/Jun/2017:10:30:54 +0000] "POST /api/article/toggle-commentLike HTTP/1.1" 503 130
::1 - - [07/Jun/2017:10:30:55 +0000] "POST /api/article/toggle-commentLike HTTP/1.1" 503 130
::1 - - [07/Jun/2017:10:31:04 +0000] "POST /api/article/publish-comment HTTP/1.1" 200 138
::1 - - [07/Jun/2017:10:31:04 +0000] "GET /api/article/comment-lists?articleId=592e7cdd78584028644655df HTTP/1.1" 200 371
::1 - - [07/Jun/2017:10:31:47 +0000] "POST /api/article/articleDetail HTTP/1.1" 200 340
::1 - - [07/Jun/2017:10:31:47 +0000] "GET /api/article/comment-lists?articleId=592e7cdd78584028644655df HTTP/1.1" 200 371
